{"name": "test_minor", "status": "failed", "statusDetails": {"message": "AssertionError: assert False", "trace": "@allure.feature('Feature1')\n    @allure.story('Story1')\n    def test_minor():\n>       assert False\nE       assert False\n\ntest.py:7: AssertionError"}, "start": 1705999901891, "stop": 1705999901891, "uuid": "8d348ed9-49b6-4399-a98a-970ddd6170db", "historyId": "c6b5762bbfc9a8eb57ec64fa13230f69", "testCaseId": "c6b5762bbfc9a8eb57ec64fa13230f69", "fullName": "test#test_minor", "labels": [{"name": "feature", "value": "Feature1"}, {"name": "story", "value": "Story1"}, {"name": "suite", "value": "test"}, {"name": "host", "value": "Rendy-Ardiansyah"}, {"name": "thread", "value": "11884-MainThread"}, {"name": "framework", "value": "pytest"}, {"name": "language", "value": "cpython3"}, {"name": "package", "value": "test"}]}